生成启动时间为 2017/4/21 14:38:54。
     1>项目“E:\传智博客就业班\c++day07\C++ day07\Code\01 静态联编和动态联编\04 多态案例二-PK小游戏\04 多态案例二-PK小游戏.vcxproj”在节点 2 上(Build 个目标)。
     1>ClCompile:
         F:\C语言\VC\bin\CL.exe /c /ZI /nologo /W3 /WX- /sdl /Od /Oy- /D WIN32 /D _DEBUG /D _CONSOLE /D _LIB /D _UNICODE /D UNICODE /Gm /EHsc /RTC1 /MDd /GS /fp:precise /Zc:wchar_t /Zc:forScope /Fo"Debug\\" /Fd"Debug\vc120.pdb" /Gd /TP /analyze- /errorReport:prompt "04 多态案例二-PK小游戏.cpp" DragonSword.cpp Hero.cpp Knife.cpp Monster.cpp
         Monster.cpp
         Knife.cpp
         Hero.cpp
         DragonSword.cpp
     1>e:\传智博客就业班\c++day07\c++ day07\code\01 静态联编和动态联编\04 多态案例二-pk小游戏\dragonsword.cpp(22): warning C4244: “return”: 从“double”转换到“int”，可能丢失数据
         04 多态案例二-PK小游戏.cpp
         正在生成代码...
       Link:
         F:\C语言\VC\bin\link.exe /ERRORREPORT:PROMPT /OUT:"E:\传智博客就业班\c++day07\C++ day07\Code\01 静态联编和动态联编\Debug\04 多态案例二-PK小游戏.exe" /INCREMENTAL /NOLOGO kernel32.lib user32.lib gdi32.lib winspool.lib comdlg32.lib advapi32.lib shell32.lib ole32.lib oleaut32.lib uuid.lib odbc32.lib odbccp32.lib /MANIFEST /MANIFESTUAC:"level='asInvoker' uiAccess='false'" /manifest:embed /DEBUG /PDB:"E:\传智博客就业班\c++day07\C++ day07\Code\01 静态联编和动态联编\Debug\04 多态案例二-PK小游戏.pdb" /SUBSYSTEM:CONSOLE /TLBID:1 /DYNAMICBASE /NXCOMPAT /IMPLIB:"E:\传智博客就业班\c++day07\C++ day07\Code\01 静态联编和动态联编\Debug\04 多态案例二-PK小游戏.lib" /MACHINE:X86 "Debug\04 多态案例二-PK小游戏.obj"
         Debug\DragonSword.obj
         Debug\Hero.obj
         Debug\Knife.obj
         Debug\Monster.obj
         04 多态案例二-PK小游戏.vcxproj -> E:\传智博客就业班\c++day07\C++ day07\Code\01 静态联编和动态联编\Debug\04 多态案例二-PK小游戏.exe
     1>已完成生成项目“E:\传智博客就业班\c++day07\C++ day07\Code\01 静态联编和动态联编\04 多态案例二-PK小游戏\04 多态案例二-PK小游戏.vcxproj”(Build 个目标)的操作。

生成成功。

已用时间 00:00:10.51
