生成启动时间为 2016/5/4 9:39:07。
     1>项目“C:\Users\apple\Documents\C提高视频\code\day08\常用算法\常用算法\常用算法.vcxproj”在节点 2 上(Build 个目标)。
     1>ClCompile:
         C:\Program Files (x86)\Microsoft Visual Studio 12.0\VC\bin\CL.exe /c /ZI /nologo /W3 /WX- /sdl /Od /Oy- /D WIN32 /D _DEBUG /D _CONSOLE /D _LIB /D _UNICODE /D UNICODE /Gm /EHsc /RTC1 /MDd /GS /fp:precise /Zc:wchar_t /Zc:forScope /Fo"Debug\\" /Fd"Debug\vc120.pdb" /Gd /TP /analyze- /errorReport:prompt "01 常用的排序算法.cpp"
         01 常用的排序算法.cpp
     1>c:\program files (x86)\microsoft visual studio 12.0\vc\include\algorithm(2060): error C2784: “std::_Vb_iterator<_Alloc> std::operator +(_Alloc::difference_type,std::_Vb_iterator<_Alloc>)”: 未能从“__w64 int”为“std::_Vb_iterator<_Alloc>”推导 模板 参数
                 c:\program files (x86)\microsoft visual studio 12.0\vc\include\vector(2298) : 参见“std::operator +”的声明
                 c:\program files (x86)\microsoft visual studio 12.0\vc\include\algorithm(2072): 参见对正在编译的函数 模板 实例化“void std::_Random_shuffle<std::_List_unchecked_iterator<std::_List_val<std::_List_simple_types<int>>>,std::_Rng_from_urng<_Diff,_Urng0>,__w64 int>(_RanIt,_RanIt,_Fn1 &,_Diff *)”的引用
                 with
                 [
                     _RanIt=std::_List_unchecked_iterator<std::_List_val<std::_List_simple_types<int>>>
         ,            _Fn1=std::_Rng_from_urng<_Diff,_Urng0>
         ,            _Diff=__w64 int
                 ]
                 c:\program files (x86)\microsoft visual studio 12.0\vc\include\algorithm(2083): 参见对正在编译的函数 模板 实例化“void std::random_shuffle<_RanIt,std::_Rng_from_urng<_Diff,_Urng0>&>(_RanIt,_RanIt,_Fn1)”的引用
                 with
                 [
                     _RanIt=std::_List_iterator<std::_List_val<std::_List_simple_types<int>>>
         ,            _Fn1=std::_Rng_from_urng<_Diff,_Urng0> &
                 ]
                 c:\program files (x86)\microsoft visual studio 12.0\vc\include\algorithm(2112): 参见对正在编译的函数 模板 实例化“void std::shuffle<_RanIt,std::_Rand_urng_from_func&>(_RanIt,_RanIt,_Urng)”的引用
                 with
                 [
                     _RanIt=std::_List_iterator<std::_List_val<std::_List_simple_types<int>>>
         ,            _Urng=std::_Rand_urng_from_func &
                 ]
                 c:\users\apple\documents\c提高视频\code\day08\常用算法\常用算法\01 常用的排序算法.cpp(73): 参见对正在编译的函数 模板 实例化“void std::random_shuffle<std::_List_iterator<std::_List_val<std::_List_simple_types<int>>>>(_RanIt,_RanIt)”的引用
                 with
                 [
                     _RanIt=std::_List_iterator<std::_List_val<std::_List_simple_types<int>>>
                 ]
     1>c:\program files (x86)\microsoft visual studio 12.0\vc\include\algorithm(2060): error C2784: “std::_Vb_const_iterator<_Alloc> std::operator +(_Alloc::difference_type,std::_Vb_const_iterator<_Alloc>)”: 未能从“__w64 int”为“std::_Vb_const_iterator<_Alloc>”推导 模板 参数
                 c:\program files (x86)\microsoft visual studio 12.0\vc\include\vector(2191) : 参见“std::operator +”的声明
     1>c:\program files (x86)\microsoft visual studio 12.0\vc\include\algorithm(2060): error C2784: “std::_Vector_iterator<_Myvec> std::operator +(_Vector_iterator<_Myvec>::difference_type,std::_Vector_iterator<_Myvec>)”: 未能从“__w64 int”为“std::_Vector_iterator<_Myvec>”推导 模板 参数
                 c:\program files (x86)\microsoft visual studio 12.0\vc\include\vector(409) : 参见“std::operator +”的声明
     1>c:\program files (x86)\microsoft visual studio 12.0\vc\include\algorithm(2060): error C2784: “std::_Vector_const_iterator<_Myvec> std::operator +(_Vector_const_iterator<_Myvec>::difference_type,std::_Vector_const_iterator<_Myvec>)”: 未能从“__w64 int”为“std::_Vector_const_iterator<_Myvec>”推导 模板 参数
                 c:\program files (x86)\microsoft visual studio 12.0\vc\include\vector(278) : 参见“std::operator +”的声明
     1>c:\program files (x86)\microsoft visual studio 12.0\vc\include\algorithm(2060): error C2784: “std::basic_string<_Elem,_Traits,_Alloc> std::operator +(std::basic_string<_Elem,_Traits,_Alloc> &&,const _Elem)”: 未能从“std::_List_unchecked_iterator<std::_List_val<std::_List_simple_types<int>>>”为“std::basic_string<_Elem,_Traits,_Alloc> &&”推导 模板 参数
                 c:\program files (x86)\microsoft visual studio 12.0\vc\include\xstring(2455) : 参见“std::operator +”的声明
                 c:\program files (x86)\microsoft visual studio 12.0\vc\include\xstring(2455) : 参见“std::operator +”的声明
                 c:\program files (x86)\microsoft visual studio 12.0\vc\include\xstring(2455) : 参见“std::operator +”的声明
                 c:\program files (x86)\microsoft visual studio 12.0\vc\include\xstring(2455) : 参见“std::operator +”的声明
     1>c:\program files (x86)\microsoft visual studio 12.0\vc\include\algorithm(2060): error C2784: “std::basic_string<_Elem,_Traits,_Alloc> std::operator +(std::basic_string<_Elem,_Traits,_Alloc> &&,const _Elem *)”: 未能从“std::_List_unchecked_iterator<std::_List_val<std::_List_simple_types<int>>>”为“std::basic_string<_Elem,_Traits,_Alloc> &&”推导 模板 参数
                 c:\program files (x86)\microsoft visual studio 12.0\vc\include\xstring(2445) : 参见“std::operator +”的声明
                 c:\program files (x86)\microsoft visual studio 12.0\vc\include\xstring(2445) : 参见“std::operator +”的声明
                 c:\program files (x86)\microsoft visual studio 12.0\vc\include\xstring(2445) : 参见“std::operator +”的声明
                 c:\program files (x86)\microsoft visual studio 12.0\vc\include\xstring(2445) : 参见“std::operator +”的声明
     1>c:\program files (x86)\microsoft visual studio 12.0\vc\include\algorithm(2060): error C2784: “std::basic_string<_Elem,_Traits,_Alloc> std::operator +(const _Elem,std::basic_string<_Elem,_Traits,_Alloc> &&)”: 未能从“__w64 int”为“std::basic_string<_Elem,_Traits,_Alloc> &&”推导 模板 参数
                 c:\program files (x86)\microsoft visual studio 12.0\vc\include\xstring(2435) : 参见“std::operator +”的声明
     1>c:\program files (x86)\microsoft visual studio 12.0\vc\include\algorithm(2060): error C2784: “std::basic_string<_Elem,_Traits,_Alloc> std::operator +(const _Elem *,std::basic_string<_Elem,_Traits,_Alloc> &&)”: 未能从“std::_List_unchecked_iterator<std::_List_val<std::_List_simple_types<int>>>”为“const _Elem *”推导 模板 参数
                 c:\program files (x86)\microsoft visual studio 12.0\vc\include\xstring(2425) : 参见“std::operator +”的声明
     1>c:\program files (x86)\microsoft visual studio 12.0\vc\include\algorithm(2060): error C2784: “std::basic_string<_Elem,_Traits,_Alloc> std::operator +(std::basic_string<_Elem,_Traits,_Alloc> &&,std::basic_string<_Elem,_Traits,_Alloc> &&)”: 未能从“std::_List_unchecked_iterator<std::_List_val<std::_List_simple_types<int>>>”为“std::basic_string<_Elem,_Traits,_Alloc> &&”推导 模板 参数
                 c:\program files (x86)\microsoft visual studio 12.0\vc\include\xstring(2411) : 参见“std::operator +”的声明
                 c:\program files (x86)\microsoft visual studio 12.0\vc\include\xstring(2411) : 参见“std::operator +”的声明
                 c:\program files (x86)\microsoft visual studio 12.0\vc\include\xstring(2411) : 参见“std::operator +”的声明
                 c:\program files (x86)\microsoft visual studio 12.0\vc\include\xstring(2411) : 参见“std::operator +”的声明
     1>c:\program files (x86)\microsoft visual studio 12.0\vc\include\algorithm(2060): error C2784: “std::basic_string<_Elem,_Traits,_Alloc> std::operator +(std::basic_string<_Elem,_Traits,_Alloc> &&,const std::basic_string<_Elem,_Traits,_Alloc> &)”: 未能从“std::_List_unchecked_iterator<std::_List_val<std::_List_simple_types<int>>>”为“std::basic_string<_Elem,_Traits,_Alloc> &&”推导 模板 参数
                 c:\program files (x86)\microsoft visual studio 12.0\vc\include\xstring(2401) : 参见“std::operator +”的声明
                 c:\program files (x86)\microsoft visual studio 12.0\vc\include\xstring(2401) : 参见“std::operator +”的声明
                 c:\program files (x86)\microsoft visual studio 12.0\vc\include\xstring(2401) : 参见“std::operator +”的声明
                 c:\program files (x86)\microsoft visual studio 12.0\vc\include\xstring(2401) : 参见“std::operator +”的声明
     1>c:\program files (x86)\microsoft visual studio 12.0\vc\include\algorithm(2060): error C2784: “std::basic_string<_Elem,_Traits,_Alloc> std::operator +(const std::basic_string<_Elem,_Traits,_Alloc> &,std::basic_string<_Elem,_Traits,_Alloc> &&)”: 未能从“std::_List_unchecked_iterator<std::_List_val<std::_List_simple_types<int>>>”为“const std::basic_string<_Elem,_Traits,_Alloc> &”推导 模板 参数
                 c:\program files (x86)\microsoft visual studio 12.0\vc\include\xstring(2391) : 参见“std::operator +”的声明
                 c:\program files (x86)\microsoft visual studio 12.0\vc\include\xstring(2391) : 参见“std::operator +”的声明
                 c:\program files (x86)\microsoft visual studio 12.0\vc\include\xstring(2391) : 参见“std::operator +”的声明
                 c:\program files (x86)\microsoft visual studio 12.0\vc\include\xstring(2391) : 参见“std::operator +”的声明
     1>c:\program files (x86)\microsoft visual studio 12.0\vc\include\algorithm(2060): error C2784: “std::basic_string<_Elem,_Traits,_Alloc> std::operator +(const std::basic_string<_Elem,_Traits,_Alloc> &,const _Elem)”: 未能从“std::_List_unchecked_iterator<std::_List_val<std::_List_simple_types<int>>>”为“const std::basic_string<_Elem,_Traits,_Alloc> &”推导 模板 参数
                 c:\program files (x86)\microsoft visual studio 12.0\vc\include\xstring(2377) : 参见“std::operator +”的声明
                 c:\program files (x86)\microsoft visual studio 12.0\vc\include\xstring(2377) : 参见“std::operator +”的声明
                 c:\program files (x86)\microsoft visual studio 12.0\vc\include\xstring(2377) : 参见“std::operator +”的声明
                 c:\program files (x86)\microsoft visual studio 12.0\vc\include\xstring(2377) : 参见“std::operator +”的声明
     1>c:\program files (x86)\microsoft visual studio 12.0\vc\include\algorithm(2060): error C2784: “std::basic_string<_Elem,_Traits,_Alloc> std::operator +(const std::basic_string<_Elem,_Traits,_Alloc> &,const _Elem *)”: 未能从“std::_List_unchecked_iterator<std::_List_val<std::_List_simple_types<int>>>”为“const std::basic_string<_Elem,_Traits,_Alloc> &”推导 模板 参数
                 c:\program files (x86)\microsoft visual studio 12.0\vc\include\xstring(2363) : 参见“std::operator +”的声明
                 c:\program files (x86)\microsoft visual studio 12.0\vc\include\xstring(2363) : 参见“std::operator +”的声明
                 c:\program files (x86)\microsoft visual studio 12.0\vc\include\xstring(2363) : 参见“std::operator +”的声明
                 c:\program files (x86)\microsoft visual studio 12.0\vc\include\xstring(2363) : 参见“std::operator +”的声明
     1>c:\program files (x86)\microsoft visual studio 12.0\vc\include\algorithm(2060): error C2784: “std::basic_string<_Elem,_Traits,_Alloc> std::operator +(const _Elem,const std::basic_string<_Elem,_Traits,_Alloc> &)”: 未能从“__w64 int”为“const std::basic_string<_Elem,_Traits,_Alloc> &”推导 模板 参数
                 c:\program files (x86)\microsoft visual studio 12.0\vc\include\xstring(2349) : 参见“std::operator +”的声明
     1>c:\program files (x86)\microsoft visual studio 12.0\vc\include\algorithm(2060): error C2784: “std::basic_string<_Elem,_Traits,_Alloc> std::operator +(const _Elem *,const std::basic_string<_Elem,_Traits,_Alloc> &)”: 未能从“std::_List_unchecked_iterator<std::_List_val<std::_List_simple_types<int>>>”为“const _Elem *”推导 模板 参数
                 c:\program files (x86)\microsoft visual studio 12.0\vc\include\xstring(2335) : 参见“std::operator +”的声明
     1>c:\program files (x86)\microsoft visual studio 12.0\vc\include\algorithm(2060): error C2784: “std::basic_string<_Elem,_Traits,_Alloc> std::operator +(const std::basic_string<_Elem,_Traits,_Alloc> &,const std::basic_string<_Elem,_Traits,_Alloc> &)”: 未能从“std::_List_unchecked_iterator<std::_List_val<std::_List_simple_types<int>>>”为“const std::basic_string<_Elem,_Traits,_Alloc> &”推导 模板 参数
                 c:\program files (x86)\microsoft visual studio 12.0\vc\include\xstring(2321) : 参见“std::operator +”的声明
                 c:\program files (x86)\microsoft visual studio 12.0\vc\include\xstring(2321) : 参见“std::operator +”的声明
                 c:\program files (x86)\microsoft visual studio 12.0\vc\include\xstring(2321) : 参见“std::operator +”的声明
                 c:\program files (x86)\microsoft visual studio 12.0\vc\include\xstring(2321) : 参见“std::operator +”的声明
     1>c:\program files (x86)\microsoft visual studio 12.0\vc\include\algorithm(2060): error C2784: “std::_String_iterator<_Mystr> std::operator +(_String_iterator<_Mystr>::difference_type,std::_String_iterator<_Mystr>)”: 未能从“__w64 int”为“std::_String_iterator<_Mystr>”推导 模板 参数
                 c:\program files (x86)\microsoft visual studio 12.0\vc\include\xstring(420) : 参见“std::operator +”的声明
     1>c:\program files (x86)\microsoft visual studio 12.0\vc\include\algorithm(2060): error C2784: “std::_String_const_iterator<_Mystr> std::operator +(_String_const_iterator<_Mystr>::difference_type,std::_String_const_iterator<_Mystr>)”: 未能从“__w64 int”为“std::_String_const_iterator<_Mystr>”推导 模板 参数
                 c:\program files (x86)\microsoft visual studio 12.0\vc\include\xstring(288) : 参见“std::operator +”的声明
     1>c:\program files (x86)\microsoft visual studio 12.0\vc\include\algorithm(2060): error C2784: “std::move_iterator<_RanIt> std::operator +(_Diff,const std::move_iterator<_RanIt> &)”: 未能从“__w64 int”为“const std::move_iterator<_RanIt> &”推导 模板 参数
                 c:\program files (x86)\microsoft visual studio 12.0\vc\include\xutility(1961) : 参见“std::operator +”的声明
     1>c:\program files (x86)\microsoft visual studio 12.0\vc\include\algorithm(2060): error C2784: “std::_Array_iterator<_Ty,_Size> std::operator +(_Array_iterator<_Ty,_Size>::difference_type,std::_Array_iterator<_Ty,_Size>)”: 未能从“__w64 int”为“std::_Array_iterator<_Ty,_Size>”推导 模板 参数
                 c:\program files (x86)\microsoft visual studio 12.0\vc\include\xutility(1815) : 参见“std::operator +”的声明
     1>c:\program files (x86)\microsoft visual studio 12.0\vc\include\algorithm(2060): error C2784: “std::_Array_const_iterator<_Ty,_Size> std::operator +(_Array_const_iterator<_Ty,_Size>::difference_type,std::_Array_const_iterator<_Ty,_Size>)”: 未能从“__w64 int”为“std::_Array_const_iterator<_Ty,_Size>”推导 模板 参数
                 c:\program files (x86)\microsoft visual studio 12.0\vc\include\xutility(1676) : 参见“std::operator +”的声明
     1>c:\program files (x86)\microsoft visual studio 12.0\vc\include\algorithm(2060): error C2784: “std::reverse_iterator<_RanIt> std::operator +(_Diff,const std::reverse_iterator<_RanIt> &)”: 未能从“__w64 int”为“const std::reverse_iterator<_RanIt> &”推导 模板 参数
                 c:\program files (x86)\microsoft visual studio 12.0\vc\include\xutility(1122) : 参见“std::operator +”的声明
     1>c:\program files (x86)\microsoft visual studio 12.0\vc\include\algorithm(2060): error C2784: “std::_Revranit<_RanIt,_Base> std::operator +(_Diff,const std::_Revranit<_RanIt,_Base> &)”: 未能从“__w64 int”为“const std::_Revranit<_RanIt,_Base> &”推导 模板 参数
                 c:\program files (x86)\microsoft visual studio 12.0\vc\include\xutility(927) : 参见“std::operator +”的声明
     1>c:\program files (x86)\microsoft visual studio 12.0\vc\include\algorithm(2060): error C2676: 二进制“+”:“std::_List_unchecked_iterator<std::_List_val<std::_List_simple_types<int>>>”不定义该运算符或到预定义运算符可接收的类型的转换
     1>c:\program files (x86)\microsoft visual studio 12.0\vc\include\algorithm(2060): error C2780: “void std::iter_swap(_FwdIt1,_FwdIt2)”: 应输入 2 个参数，却提供了 1 个
                 c:\program files (x86)\microsoft visual studio 12.0\vc\include\utility(26) : 参见“std::iter_swap”的声明
     1>已完成生成项目“C:\Users\apple\Documents\C提高视频\code\day08\常用算法\常用算法\常用算法.vcxproj”(Build 个目标)的操作 - 失败。

生成失败。

已用时间 00:00:01.26
